0 info it worked if it ends with ok
1 verbose cli [ '/usr/bin/node', '/usr/bin/npm', 'install', '-g' ]
2 info using npm@1.4.28
3 info using node@v0.10.36
4 verbose node symlink /usr/bin/node
5 verbose cache add [ '.', null ]
6 verbose cache add name=undefined spec="." args=[".",null]
7 verbose parsed url { protocol: null,
7 verbose parsed url   slashes: null,
7 verbose parsed url   auth: null,
7 verbose parsed url   host: null,
7 verbose parsed url   port: null,
7 verbose parsed url   hostname: null,
7 verbose parsed url   hash: null,
7 verbose parsed url   search: null,
7 verbose parsed url   query: null,
7 verbose parsed url   pathname: '.',
7 verbose parsed url   path: '.',
7 verbose parsed url   href: '.' }
8 silly makeCacheDir cache dir uid, gid [ 0, 0 ]
9 silly lockFile 3a52ce78- .
10 verbose lock . /root/.npm/3a52ce78-.lock
11 silly lockFile 3a52ce78- .
12 silly lockFile 3a52ce78- .
13 error addLocal Could not install .
14 error Error: ENOENT, open 'package.json'
15 error If you need help, you may report this *entire* log,
15 error including the npm and node versions, at:
15 error     <http://github.com/npm/npm/issues>
16 error System Linux 3.16.0-30-generic
17 error command "/usr/bin/node" "/usr/bin/npm" "install" "-g"
18 error cwd /var/www/newtest
19 error node -v v0.10.36
20 error npm -v 1.4.28
21 error path package.json
22 error code ENOENT
23 error errno 34
24 verbose exit [ 34, true ]
